<?xml version="1.0" encoding="UTF-8"?>
<!-- Generated by org.testng.reporters.JUnitXMLReporter -->
<testsuite ignored="0" hostname="RENGA" failures="0" tests="14" name="First Test" time="17.304" errors="0" timestamp="2020-10-13T20:09:59 IST">
  <testcase classname="testNG.DriveCar" name="startTheCar" time="0.011"/>
  <testcase classname="testNG.GroupingExample" name="firstApple" time="0.018"/>
  <testcase classname="testNG.DriveCar" name="putFirstGear" time="0.001"/>
  <testcase classname="testNG.GroupingExample" name="secondApple" time="0.003"/>
  <testcase classname="testNG.sampleTestCase" name="OpenW3Schools" time="12.878"/>
  <testcase classname="testNG.GroupingExample" name="firstAndroid" time="0.003"/>
  <testcase classname="testNG.DriveCar" name="putSecondGear" time="0.001"/>
  <testcase classname="testNG.GroupingExample" name="secondAndroid" time="0.001"/>
  <testcase classname="testNG.GroupingExample" name="firstBlackBerry" time="0.004"/>
  <testcase classname="testNG.GroupingExample" name="secondBlackBerry" time="0.002"/>
  <testcase classname="testNG.ParallelTesting" name="openGoogle" time="15.538"/>
  <testcase classname="testNG.ParallelTesting" name="openBing" time="16.011"/>
  <testcase classname="testNG.sampleTestCase" name="OpenLeafGround" time="16.183"/>
  <testcase classname="testNG.sampleTestCase" name="OpenGoogle" time="17.209"/>
</testsuite> <!-- First Test -->
