<?xml version="1.0" encoding="UTF-8"?>
<!-- Generated by org.testng.reporters.JUnitXMLReporter -->
<testsuite ignored="0" hostname="RENGA" failures="0" tests="4" name="Default test" time="45.578" errors="0" timestamp="2020-10-26T11:01:39 IST">
  <testcase classname="loginTestCases.BothCorrect" name="loginWithbothCorrect" time="15.979"/>
  <testcase classname="loginTestCases.BothCorrect" name="loginWithbothCorrect" time="9.512"/>
  <testcase classname="loginTestCases.BothCorrect" name="loginWithbothCorrect" time="9.858"/>
  <testcase classname="loginTestCases.BothCorrect" name="loginWithbothCorrect" time="10.032"/>
</testsuite> <!-- Default test -->
