<?xml version="1.0" encoding="UTF-8"?>
<!-- Generated by org.testng.reporters.JUnitXMLReporter -->
<testsuite ignored="0" hostname="RENGA" failures="0" tests="3" name="Default test" time="0.117" errors="0" timestamp="2020-10-20T20:21:20 IST">
  <testcase classname="testNG.DriveCar" name="startTheCar" time="0.033"/>
  <testcase classname="testNG.DriveCar" name="putFirstGear" time="0.006"/>
  <testcase classname="testNG.DriveCar" name="putSecondGear" time="0.005"/>
</testsuite> <!-- Default test -->
