<?xml version="1.0" encoding="UTF-8"?>
<testng-results ignored="0" total="4" passed="4" failed="0" skipped="0">
  <reporter-output>
  </reporter-output>
  <suite started-at="2020-10-26T11:00:54 IST" name="Default suite" finished-at="2020-10-26T11:01:39 IST" duration-ms="45578">
    <groups>
    </groups>
    <test started-at="2020-10-26T11:00:54 IST" name="Default test" finished-at="2020-10-26T11:01:39 IST" duration-ms="45578">
      <class name="loginTestCases.BothCorrect">
        <test-method signature="loginWithbothCorrect(java.lang.String, java.lang.String)[pri:0, instance:loginTestCases.BothCorrect@290d210d]" started-at="2020-10-26T11:00:54 IST" name="loginWithbothCorrect" data-provider="LoginData" finished-at="2020-10-26T11:01:10 IST" duration-ms="15979" status="PASS">
          <params>
            <param index="0">
              <value>
                <![CDATA[Admin]]>
              </value>
            </param>
            <param index="1">
              <value>
                <![CDATA[admin123]]>
              </value>
            </param>
          </params>
          <reporter-output>
          </reporter-output>
        </test-method> <!-- loginWithbothCorrect -->
        <test-method signature="loginWithbothCorrect(java.lang.String, java.lang.String)[pri:0, instance:loginTestCases.BothCorrect@290d210d]" started-at="2020-10-26T11:01:10 IST" name="loginWithbothCorrect" data-provider="LoginData" finished-at="2020-10-26T11:01:19 IST" duration-ms="9512" status="PASS">
          <params>
            <param index="0">
              <value>
                <![CDATA[Username]]>
              </value>
            </param>
            <param index="1">
              <value>
                <![CDATA[Password]]>
              </value>
            </param>
          </params>
          <reporter-output>
          </reporter-output>
        </test-method> <!-- loginWithbothCorrect -->
        <test-method signature="loginWithbothCorrect(java.lang.String, java.lang.String)[pri:0, instance:loginTestCases.BothCorrect@290d210d]" started-at="2020-10-26T11:01:19 IST" name="loginWithbothCorrect" data-provider="LoginData" finished-at="2020-10-26T11:01:29 IST" duration-ms="9858" status="PASS">
          <params>
            <param index="0">
              <value>
                <![CDATA[Username]]>
              </value>
            </param>
            <param index="1">
              <value>
                <![CDATA[admin123]]>
              </value>
            </param>
          </params>
          <reporter-output>
          </reporter-output>
        </test-method> <!-- loginWithbothCorrect -->
        <test-method signature="loginWithbothCorrect(java.lang.String, java.lang.String)[pri:0, instance:loginTestCases.BothCorrect@290d210d]" started-at="2020-10-26T11:01:29 IST" name="loginWithbothCorrect" data-provider="LoginData" finished-at="2020-10-26T11:01:39 IST" duration-ms="10032" status="PASS">
          <params>
            <param index="0">
              <value>
                <![CDATA[Admin]]>
              </value>
            </param>
            <param index="1">
              <value>
                <![CDATA[Admin]]>
              </value>
            </param>
          </params>
          <reporter-output>
          </reporter-output>
        </test-method> <!-- loginWithbothCorrect -->
      </class> <!-- loginTestCases.BothCorrect -->
    </test> <!-- Default test -->
  </suite> <!-- Default suite -->
</testng-results>
