<?xml version="1.0" encoding="UTF-8"?>
<testng-results ignored="0" total="3" passed="3" failed="0" skipped="0">
  <reporter-output>
  </reporter-output>
  <suite started-at="2020-10-20T20:21:20 IST" name="Default suite" finished-at="2020-10-20T20:21:20 IST" duration-ms="117">
    <groups>
    </groups>
    <test started-at="2020-10-20T20:21:20 IST" name="Default test" finished-at="2020-10-20T20:21:20 IST" duration-ms="117">
      <class name="testNG.DriveCar">
        <test-method signature="startTheCar()[pri:0, instance:testNG.DriveCar@45dd4eda]" started-at="2020-10-20T20:21:20 IST" name="startTheCar" finished-at="2020-10-20T20:21:20 IST" duration-ms="33" status="PASS">
          <reporter-output>
          </reporter-output>
        </test-method> <!-- startTheCar -->
        <test-method signature="putFirstGear()[pri:1, instance:testNG.DriveCar@45dd4eda]" started-at="2020-10-20T20:21:20 IST" name="putFirstGear" finished-at="2020-10-20T20:21:20 IST" duration-ms="6" status="PASS">
          <reporter-output>
          </reporter-output>
        </test-method> <!-- putFirstGear -->
        <test-method signature="putSecondGear()[pri:2, instance:testNG.DriveCar@45dd4eda]" started-at="2020-10-20T20:21:20 IST" name="putSecondGear" finished-at="2020-10-20T20:21:20 IST" duration-ms="5" status="PASS">
          <reporter-output>
          </reporter-output>
        </test-method> <!-- putSecondGear -->
      </class> <!-- testNG.DriveCar -->
    </test> <!-- Default test -->
  </suite> <!-- Default suite -->
</testng-results>
