<?xml version="1.0" encoding="UTF-8"?>
<!-- Generated by org.testng.reporters.JUnitXMLReporter -->
<testsuite ignored="0" hostname="RENGA" failures="0" tests="4" name="Login Test Cases" time="51.524" errors="0" timestamp="2020-10-23T16:55:09 IST">
  <testcase classname="loginTestCases.BothCorrect" name="loginWithbothCorrect" time="20.272"/>
  <testcase classname="loginTestCases.BothIncorrect" name="loginWithBothInCorrect" time="10.413"/>
  <testcase classname="loginTestCases.CorrectPassword" name="loginWithCorrectPassword" time="9.794"/>
  <testcase classname="loginTestCases.CorrectUserName" name="loginWithcorrectUsername" time="10.762"/>
</testsuite> <!-- Login Test Cases -->
